[START] task=easy env=support_ops_env model=joynnayvedya/disaster-response-trained
[STEP] step=1 action=action_type=classify|ticket_id=E-101|predicted_team=general reward=0.05 done=false error=null
[STEP] step=2 action=action_type=set_priority|ticket_id=E-101|predicted_priority=medium reward=0.02 done=false error=null
[STEP] step=3 action=action_type=draft_reply|ticket_id=E-101|reply_text=Priority_medium._Route_to_general_team._Dispatch_resources_within_30_minutes._Provide_field_update_and_next_checkpoint_window. reward=0.25 done=false error=null
[STEP] step=4 action=action_type=submit_ticket|ticket_id=E-101 reward=0.28 done=false error=null
[STEP] step=5 action=action_type=classify|ticket_id=E-102|predicted_team=general reward=0.05 done=false error=null
[STEP] step=6 action=action_type=set_priority|ticket_id=E-102|predicted_priority=medium reward=0.12 done=false error=null
[STEP] step=7 action=action_type=draft_reply|ticket_id=E-102|reply_text=Priority_medium._Route_to_general_team._Dispatch_resources_within_30_minutes._Provide_field_update_and_next_checkpoint_window. reward=0.40 done=false error=null
[STEP] step=8 action=action_type=submit_ticket|ticket_id=E-102 reward=0.40 done=false error=null
[STEP] step=9 action=action_type=classify|ticket_id=E-103|predicted_team=general reward=0.05 done=false error=null
[STEP] step=10 action=action_type=set_priority|ticket_id=E-103|predicted_priority=medium reward=0.12 done=false error=null
[STEP] step=11 action=action_type=draft_reply|ticket_id=E-103|reply_text=Priority_medium._Route_to_general_team._Dispatch_resources_within_30_minutes._Provide_field_update_and_next_checkpoint_window. reward=0.25 done=false error=null
[STEP] step=12 action=action_type=submit_ticket|ticket_id=E-103 reward=0.37 done=false error=null
[STEP] step=13 action=action_type=classify|ticket_id=E-104|predicted_team=general reward=0.05 done=false error=null
[STEP] step=14 action=action_type=set_priority|ticket_id=E-104|predicted_priority=medium reward=0.12 done=false error=null
[STEP] step=15 action=action_type=draft_reply|ticket_id=E-104|reply_text=Priority_medium._Route_to_general_team._Dispatch_resources_within_30_minutes._Provide_field_update_and_next_checkpoint_window. reward=0.25 done=false error=null
[STEP] step=16 action=action_type=submit_ticket|ticket_id=E-104 reward=0.37 done=false error=null
[STEP] step=17 action=action_type=classify|ticket_id=E-105|predicted_team=general reward=0.05 done=false error=null
[STEP] step=18 action=action_type=set_priority|ticket_id=E-105|predicted_priority=medium reward=0.02 done=false error=null
[STEP] step=19 action=action_type=draft_reply|ticket_id=E-105|reply_text=Priority_medium._Route_to_general_team._Dispatch_resources_within_30_minutes._Provide_field_update_and_next_checkpoint_window. reward=0.25 done=false error=null
[STEP] step=20 action=action_type=submit_ticket|ticket_id=E-105 reward=0.28 done=true error=null
[END] success=false steps=20 score=0.177 rewards=0.05,0.02,0.25,0.28,0.05,0.12,0.40,0.40,0.05,0.12,0.25,0.37,0.05,0.12,0.25,0.37,0.05,0.02,0.25,0.28
[START] task=medium env=support_ops_env model=joynnayvedya/disaster-response-trained
[STEP] step=1 action=action_type=classify|ticket_id=M-201|predicted_team=general reward=0.05 done=false error=null
[STEP] step=2 action=action_type=set_priority|ticket_id=M-201|predicted_priority=medium reward=0.02 done=false error=null
[STEP] step=3 action=action_type=draft_reply|ticket_id=M-201|reply_text=Priority_medium._Route_to_general_team._Dispatch_resources_within_30_minutes._Provide_field_update_and_next_checkpoint_window. reward=0.25 done=false error=null
[STEP] step=4 action=action_type=submit_ticket|ticket_id=M-201 reward=0.28 done=false error=null
[STEP] step=5 action=action_type=classify|ticket_id=M-202|predicted_team=general reward=0.05 done=false error=null
[STEP] step=6 action=action_type=set_priority|ticket_id=M-202|predicted_priority=medium reward=0.12 done=false error=null
[STEP] step=7 action=action_type=draft_reply|ticket_id=M-202|reply_text=Priority_medium._Route_to_general_team._Dispatch_resources_within_30_minutes._Provide_field_update_and_next_checkpoint_window. reward=0.25 done=false error=null
[STEP] step=8 action=action_type=submit_ticket|ticket_id=M-202 reward=0.37 done=false error=null
[STEP] step=9 action=action_type=classify|ticket_id=M-203|predicted_team=general reward=0.05 done=false error=null
[STEP] step=10 action=action_type=set_priority|ticket_id=M-203|predicted_priority=medium reward=0.12 done=false error=null
[STEP] step=11 action=action_type=draft_reply|ticket_id=M-203|reply_text=Priority_medium._Route_to_general_team._Dispatch_resources_within_30_minutes._Provide_field_update_and_next_checkpoint_window. reward=0.25 done=false error=null
[STEP] step=12 action=action_type=submit_ticket|ticket_id=M-203 reward=0.37 done=false error=null
[STEP] step=13 action=action_type=classify|ticket_id=M-204|predicted_team=general reward=0.05 done=false error=null
[STEP] step=14 action=action_type=set_priority|ticket_id=M-204|predicted_priority=medium reward=0.02 done=false error=null
[STEP] step=15 action=action_type=draft_reply|ticket_id=M-204|reply_text=Priority_medium._Route_to_general_team._Dispatch_resources_within_30_minutes._Provide_field_update_and_next_checkpoint_window. reward=0.25 done=false error=null
[STEP] step=16 action=action_type=submit_ticket|ticket_id=M-204 reward=0.28 done=false error=null
[STEP] step=17 action=action_type=classify|ticket_id=M-205|predicted_team=general reward=0.05 done=false error=null
[STEP] step=18 action=action_type=set_priority|ticket_id=M-205|predicted_priority=medium reward=0.02 done=false error=null
[STEP] step=19 action=action_type=draft_reply|ticket_id=M-205|reply_text=Priority_medium._Route_to_general_team._Dispatch_resources_within_30_minutes._Provide_field_update_and_next_checkpoint_window. reward=0.25 done=false error=null
[STEP] step=20 action=action_type=submit_ticket|ticket_id=M-205 reward=0.28 done=true error=null
[END] success=false steps=20 score=0.147 rewards=0.05,0.02,0.25,0.28,0.05,0.12,0.25,0.37,0.05,0.12,0.25,0.37,0.05,0.02,0.25,0.28,0.05,0.02,0.25,0.28
[START] task=hard env=support_ops_env model=joynnayvedya/disaster-response-trained
[STEP] step=1 action=action_type=classify|ticket_id=H-301|predicted_team=general reward=0.05 done=false error=null
[STEP] step=2 action=action_type=set_priority|ticket_id=H-301|predicted_priority=medium reward=0.02 done=false error=null
[STEP] step=3 action=action_type=draft_reply|ticket_id=H-301|reply_text=Priority_medium._Route_to_general_team._Dispatch_resources_within_30_minutes._Provide_field_update_and_next_checkpoint_window. reward=0.25 done=false error=null
[STEP] step=4 action=action_type=submit_ticket|ticket_id=H-301 reward=0.25 done=false error=null
[STEP] step=5 action=action_type=classify|ticket_id=H-302|predicted_team=general reward=0.05 done=false error=null
[STEP] step=6 action=action_type=set_priority|ticket_id=H-302|predicted_priority=medium reward=0.02 done=false error=null
[STEP] step=7 action=action_type=draft_reply|ticket_id=H-302|reply_text=Priority_medium._Route_to_general_team._Dispatch_resources_within_30_minutes._Provide_field_update_and_next_checkpoint_window. reward=0.25 done=false error=null
[STEP] step=8 action=action_type=submit_ticket|ticket_id=H-302 reward=0.27 done=false error=null
[STEP] step=9 action=action_type=classify|ticket_id=H-303|predicted_team=general reward=0.05 done=false error=null
[STEP] step=10 action=action_type=set_priority|ticket_id=H-303|predicted_priority=medium reward=0.12 done=false error=null
[STEP] step=11 action=action_type=draft_reply|ticket_id=H-303|reply_text=Priority_medium._Route_to_general_team._Dispatch_resources_within_30_minutes._Provide_field_update_and_next_checkpoint_window. reward=0.25 done=false error=null
[STEP] step=12 action=action_type=submit_ticket|ticket_id=H-303 reward=0.37 done=false error=null
[STEP] step=13 action=action_type=classify|ticket_id=H-304|predicted_team=general reward=0.05 done=false error=null
[STEP] step=14 action=action_type=set_priority|ticket_id=H-304|predicted_priority=medium reward=0.02 done=false error=null
[STEP] step=15 action=action_type=draft_reply|ticket_id=H-304|reply_text=Priority_medium._Route_to_general_team._Dispatch_resources_within_30_minutes._Provide_field_update_and_next_checkpoint_window. reward=0.25 done=false error=null
[STEP] step=16 action=action_type=submit_ticket|ticket_id=H-304 reward=0.25 done=false error=null
[STEP] step=17 action=action_type=classify|ticket_id=H-305|predicted_team=general reward=0.05 done=false error=null
[STEP] step=18 action=action_type=set_priority|ticket_id=H-305|predicted_priority=medium reward=0.02 done=false error=null
[STEP] step=19 action=action_type=draft_reply|ticket_id=H-305|reply_text=Priority_medium._Route_to_general_team._Dispatch_resources_within_30_minutes._Provide_field_update_and_next_checkpoint_window. reward=0.25 done=false error=null
[STEP] step=20 action=action_type=submit_ticket|ticket_id=H-305 reward=0.27 done=true error=null
[END] success=false steps=20 score=0.102 rewards=0.05,0.02,0.25,0.25,0.05,0.02,0.25,0.27,0.05,0.12,0.25,0.37,0.05,0.02,0.25,0.25,0.05,0.02,0.25,0.27

